Arguments: 
  /usr/local/bin/node /Users/bimaleshchauhan/.yarn/bin/yarn.js add --dev typescript

PATH: 
  /Users/bimaleshchauhan/.yarn/bin:/Users/bimaleshchauhan/.config/yarn/global/node_modules/.bin:/opt/homebrew/bin:/opt/homebrew/sbin:/usr/local/bin:/System/Cryptexes/App/usr/bin:/usr/bin:/bin:/usr/sbin:/sbin:/opt/homebrew/bin:/opt/homebrew/sbin

Yarn version: 
  1.22.19

Node version: 
  18.13.0

Platform: 
  darwin arm64

Trace: 
  SyntaxError: /Users/bimaleshchauhan/Documents/Bimalesh/projects/reactjs/Package/packages/foundation/package.json: Unexpected token : in JSON at position 98
      at JSON.parse (<anonymous>)
      at /Users/bimaleshchauhan/.yarn/lib/cli.js:1629:59
      at Generator.next (<anonymous>)
      at step (/Users/bimaleshchauhan/.yarn/lib/cli.js:310:30)
      at /Users/bimaleshchauhan/.yarn/lib/cli.js:321:13

npm manifest: 
  {
    "name": "@ds.e/foundation",
    "version": "1.0.0",
    "main": "index.js",
    "license": "MIT",
    :
  }

yarn manifest: 
  No manifest

Lockfile: 
  No lockfile
